TN:
SF:src\infrastructure\datasources\instrument.datasource.impl.ts
FN:9,create
FN:28,getAll
FN:36,findById
FN:47,updateById
FN:73,deleteById
FNF:5
FNH:3
FNDA:1,create
FNDA:1,getAll
FNDA:2,findById
FNDA:0,updateById
FNDA:0,deleteById
DA:1,1
DA:2,1
DA:3,1
DA:4,1
DA:5,1
DA:6,1
DA:7,1
DA:8,1
DA:9,1
DA:10,1
DA:11,1
DA:12,1
DA:13,1
DA:14,1
DA:15,1
DA:16,1
DA:17,1
DA:18,0
DA:19,0
DA:20,1
DA:21,1
DA:22,1
DA:23,1
DA:24,1
DA:25,1
DA:26,1
DA:27,1
DA:28,1
DA:29,1
DA:30,1
DA:31,1
DA:32,2
DA:33,1
DA:34,1
DA:35,1
DA:36,1
DA:37,2
DA:38,2
DA:39,2
DA:40,2
DA:41,2
DA:42,2
DA:43,1
DA:44,1
DA:45,1
DA:46,1
DA:47,1
DA:48,0
DA:49,0
DA:50,0
DA:51,0
DA:52,0
DA:53,0
DA:54,0
DA:55,0
DA:56,0
DA:57,0
DA:58,0
DA:59,0
DA:60,0
DA:61,0
DA:62,0
DA:63,0
DA:64,0
DA:65,0
DA:66,0
DA:67,0
DA:68,0
DA:69,0
DA:70,0
DA:71,0
DA:72,1
DA:73,1
DA:74,0
DA:75,0
DA:76,0
DA:77,0
DA:78,0
DA:79,0
DA:80,0
DA:81,0
DA:82,1
LF:82
LH:48
BRDA:9,0,0,1
BRDA:17,1,0,0
BRDA:28,2,0,1
BRDA:31,3,0,2
BRDA:36,4,0,2
BRDA:42,5,0,1
BRF:6
BRH:5
end_of_record
TN:
SF:src\presentation\instruments\controller.ts
FN:15,InstrumentController
FN:17,InstrumentController.handleError
FN:26,InstrumentController.getInstruments
FN:37,InstrumentController.getInstrumentById
FN:49,InstrumentController.createInstrument
FN:62,InstrumentController.updateInstrument
FN:80,InstrumentController.deleteInstrument
FNF:7
FNH:5
FNDA:2,InstrumentController
FNDA:1,InstrumentController.handleError
FNDA:1,InstrumentController.getInstruments
FNDA:2,InstrumentController.getInstrumentById
FNDA:1,InstrumentController.createInstrument
FNDA:0,InstrumentController.updateInstrument
FNDA:0,InstrumentController.deleteInstrument
DA:1,1
DA:2,1
DA:3,1
DA:4,1
DA:5,1
DA:6,1
DA:7,1
DA:8,1
DA:9,1
DA:10,1
DA:11,1
DA:12,1
DA:13,1
DA:14,1
DA:15,1
DA:16,1
DA:17,1
DA:18,1
DA:19,1
DA:20,1
DA:21,1
DA:22,0
DA:23,0
DA:24,1
DA:25,1
DA:26,1
DA:27,1
DA:28,1
DA:29,1
DA:30,1
DA:31,1
DA:32,1
DA:33,0
DA:34,0
DA:35,1
DA:36,1
DA:37,1
DA:38,2
DA:39,2
DA:40,2
DA:41,2
DA:42,2
DA:43,1
DA:44,1
DA:45,1
DA:46,1
DA:47,2
DA:48,1
DA:49,1
DA:50,1
DA:51,1
DA:52,1
DA:53,1
DA:54,1
DA:55,1
DA:56,1
DA:57,1
DA:58,0
DA:59,0
DA:60,1
DA:61,1
DA:62,1
DA:63,0
DA:64,0
DA:65,0
DA:66,0
DA:67,0
DA:68,0
DA:69,0
DA:70,0
DA:71,0
DA:72,0
DA:73,0
DA:74,0
DA:75,0
DA:76,0
DA:77,0
DA:78,0
DA:79,1
DA:80,1
DA:81,0
DA:82,0
DA:83,0
DA:84,0
DA:85,0
DA:86,0
DA:87,0
DA:88,0
DA:89,0
DA:90,0
DA:91,0
DA:92,1
LF:92
LH:59
BRDA:15,0,0,2
BRDA:17,1,0,1
BRDA:22,2,0,0
BRDA:26,3,0,1
BRDA:26,4,0,1
BRDA:32,5,0,0
BRDA:37,6,0,2
BRDA:37,7,0,2
BRDA:43,8,0,1
BRDA:49,9,0,1
BRDA:49,10,0,1
BRDA:57,11,0,0
BRF:12
BRH:9
end_of_record
TN:
SF:src\shared\errors\custom.error.ts
FN:2,CustomError
FN:9,badRequest
FN:13,unauthorized
FN:17,forbidden
FN:21,notFound
FN:25,internalServer
FNF:6
FNH:2
FNDA:1,CustomError
FNDA:0,badRequest
FNDA:0,unauthorized
FNDA:0,forbidden
FNDA:1,notFound
FNDA:0,internalServer
DA:1,1
DA:2,1
DA:3,1
DA:4,1
DA:5,1
DA:6,1
DA:7,1
DA:8,1
DA:9,1
DA:10,0
DA:11,0
DA:12,1
DA:13,1
DA:14,0
DA:15,0
DA:16,1
DA:17,1
DA:18,0
DA:19,0
DA:20,1
DA:21,1
DA:22,1
DA:23,1
DA:24,1
DA:25,1
DA:26,0
DA:27,0
DA:28,1
LF:28
LH:20
BRDA:2,0,0,1
BRDA:21,1,0,1
BRF:2
BRH:2
end_of_record
